    1  sudo yum -y update kernel
    2  exit
    3  sudo yum -y groupinstall "development tools"
    4  exit
    5  sudo yum -y install epel-release wget
    6  sudo wget http://rpms.famillecollet.com/enterprise/remi-release-7.rpm
    7  sudo rpm -Uvh remi-release-7.rpm
    8  sudo yum -y install --enablerepo=remi-php72 php php-pdo php-mysqlnd php-mbstring php-xml php-fpm php-common php-devel php-mysql unzip
    9  php -v
   10  php -r "copy('https://getcomposer.org/installer', 'composer-setup.php');"
   11  php composer-setup.php
   12  php -r "unlink('composer-setup.php');"
   13  sudo mv composer.phar /usr/local/bin/composer
   14  composer -v
   15  ls /
   16  ls /usr
   17  ls -l /usr
   18  pwd
   19  cd /vagrant
   20  cd ~
   21  cd /
   22  cd -
   23  cd .
   24  cd ..
   25  cd ~
   26  cd ..
   27  cd -
   28  cd ~
   29  cd /
   30  cd .
   31  cd ~
   32  cd /vagrant
   33  cd usr
   34  cd /usr
   35  cd /vagrant
   36  mkdir server_lesson && cd server_lesson
   37  git init
   38  touch first.txt
   39  cd /vagrant
   40  mkdir server_lesson/linux_practice/public
   41  mkdir -p server_lesson/linux_practice/public
   42  ls server_lesson server_lesson/linux_practice
   43  exit
   44  ls server_lesson server_lesson/linux_practice
   45  cd /vagrant
   46  ls
   47  cd ~
   48  ls
   49  cd ..
   50  ls
   51  cd ..
   52  ls
   53  cd /vagrant
   54  ls server_lesson/linux_practice/public
   55  ls server_lesson server_lesson/linux_practice
   56  touch server_lesson/linux_practice/public/index.php
   57  ls server_lesson/linux_practice/public
   58  cd /vagrant/server_lesson && ls
   59  cd /vagrant/server_lesson/linux_practice/public
   60  cp index.php index_bk.php
   61  ls
   62  cd /vagrant/server_lesson/linux_practice
   63  cp -r public tmp
   64  ls ./ public tmp
   65  cd /vagrant
   66  mv server_lesson/linux_practice server_lesson/linux_practice1
   67  mkdir linux_practice2 linux_practice3
   68  mv ./linux_practice2 ./server_lesson
   69  cd /vagrant/server_lesson/linux_practice1/tmp/
   70  rm *_bk.php
   71  cd /vagrant
   72  rm server_lesson/first.txt
   73  rm -r linux_practice3
   74  ls server_lesson
   75  cd /vagrant/server_lesson
   76  echo '# サーバレッスン' > README.md
   77  echo 'Linuxプラクティス' >> README.md
   78  echo '-----------------' >> README.md
   79  cat README.md
   80  cd /vagrant/server_lesson
   81  vi README.md
   82  git add .
   83  git status
   84  git commit -m 'first commit server_lesson課題１'
   85  git remote add origin https://github.com/katsumasa0514/server_lesson.git
   86  git push -u origin main
   87  git push origin main
   88  git branch
   89  git push -u origin master
   90  for i in 1 2 3; do echo $i; done
   91  cd linux_practice2/
   92  mkdir documents
   93  cd documents/
   94  touch gizumo{01..50}.md
   95  cd ..
   96  mkdir trash
   97  mv gizumo{20..40}.md /Users/nawakatsushou/Desktop/gizumo/vagrant_test/server_lesson/linux_practice2/trash
   98  mv gizumo{20..40}.md /trash
   99  mv /linux_practice2/gizumo{20..40}.md /linux_practice2/trash
  100  mv /linux_practice2/gizumo{20..40}.md trash
  101  mv gizumo{20..40}.md trash
  102  cd documents/
  103  mv gizumo{20..40}.md trash
  104  mv gizumo{20..40}.md /Users/nawakatsushou/Desktop/gizumo/vagrant_test/server_lesson/linux_practice2/trash
  105  mv gizumo{20..40}.md ./trash
  106  mv gizumo{20..40}.md trash
  107  mv gizumo{20..40}.md /trash
  108  cd ..
  109  mv /linux_practice2/gizumo{20..40}.md trash
  110  mv /documents/gizumo{20..40}.md trash
  111* mv documents/gizumo{20..40}.md trashmkdir trash
  112  touch .gitignore
  113  history 300 >> exec_command.log
  114  history 3
  115  history 300
  116  history 300 > exec_command.log
  117  git add .
  118  git commit -m '課題２'
  119  git push origin master
  120  git add .
  121  git status
  122  git reset HEAD
  123  git status
  124  git rm -r --cached .
  125  git add .
  126  git commit -m "gitignoreやり直し"
  127  git push origin master
  128  git rm -r --cached .
  129  git add .
  130  git status
  131  git commit -m "gitignoreやり直し2"
  132  git push origin master
  133  git reset --hard HEAD^
  134  git push -f origin master
  135  git add .
  136  cd ..
  137  git add .
  138  git commit -m '課題１再度登録'
  139  git push -f origin master
  140  mkdir linux_practice2
  141  cd linux_practice2/
  142  mkdir documents
  143  cd documents/
  144  touch gizumo{01..50}.md
  145  cd ..
  146  mkdir trash
  147  mv documents/gizumo{20..40}.md trash
  148  mkdir .gitignore
  149  touch .gitignore
  150  git status --ignored
  151  git ls-files --other --ignored --exclude-standard
  152  git add .
  153  git status
  154  git reset HEAD
  155  git status
  156  git add .
  157  git status
  158  git reset HEAD
  159  history 300 > exec_command.log
